This file contains any messages produced by compilers while
running configure, to aid debugging if configure makes a mistake.

It was created by advance configure source, which was
generated by GNU Autoconf 2.61.  Invocation command line was

  $ ./configure 

## --------- ##
## Platform. ##
## --------- ##

hostname = RPi_ARCH_DEV
uname -m = armv6l
uname -r = 3.2.27-16-ARCH+
uname -s = Linux
uname -v = #1 PREEMPT Mon Nov 26 11:19:41 UTC 2012

/usr/bin/uname -p = unknown
/bin/uname -X     = unknown

/bin/arch              = unknown
/usr/bin/arch -k       = unknown
/usr/convex/getsysinfo = unknown
/usr/bin/hostinfo      = unknown
/bin/machine           = unknown
/usr/bin/oslevel       = unknown
/bin/universe          = unknown

PATH: /usr/local/bin
PATH: /usr/bin
PATH: /bin
PATH: /usr/local/sbin
PATH: /usr/sbin
PATH: /sbin
PATH: /usr/bin/core_perl


## ----------- ##
## Core tests. ##
## ----------- ##

configure:1859: checking build system type
configure:1877: result: armv6l-unknown-linux-gnu
configure:1899: checking host system type
configure:1914: result: armv6l-unknown-linux-gnu
configure:2091: checking for gcc
configure:2107: found /usr/bin/gcc
configure:2118: result: gcc
configure:2356: checking for C compiler version
configure:2363: gcc --version >&5
gcc (GCC) 4.7.2
Copyright (C) 2012 Free Software Foundation, Inc.
This is free software; see the source for copying conditions.  There is NO
warranty; not even for MERCHANTABILITY or FITNESS FOR A PARTICULAR PURPOSE.

configure:2366: $? = 0
configure:2373: gcc -v >&5
Using built-in specs.
COLLECT_GCC=gcc
COLLECT_LTO_WRAPPER=/usr/lib/gcc/armv6l-unknown-linux-gnueabihf/4.7.2/lto-wrapper
Target: armv6l-unknown-linux-gnueabihf
Configured with: /build/src/gcc-4.7.2/configure --prefix=/usr --libdir=/usr/lib --libexecdir=/usr/lib --mandir=/usr/share/man --infodir=/usr/share/info --with-bugurl=https://bugs.archlinux.org/ --enable-languages=c,c++,fortran,lto,objc,obj-c++ --enable-shared --enable-threads=posix --with-system-zlib --enable-__cxa_atexit --disable-libunwind-exceptions --enable-clocale=gnu --disable-libstdcxx-pch --enable-libstdcxx-time --enable-gnu-unique-object --enable-linker-build-id --with-ppl --enable-cloog-backend=isl --disable-ppl-version-check --disable-cloog-version-check --enable-lto --enable-gold --enable-ld=default --enable-plugin --with-plugin-ld=ld.gold --with-linker-hash-style=gnu --disable-multilib --disable-libssp --disable-build-with-cxx --disable-build-poststage1-with-cxx --enable-checking=release --host=armv6l-unknown-linux-gnueabihf --build=armv6l-unknown-linux-gnueabihf --with-arch=armv6 --with-float=hard --with-fpu=vfp
Thread model: posix
gcc version 4.7.2 (GCC) 
configure:2376: $? = 0
configure:2383: gcc -V >&5
gcc: error: unrecognized command line option '-V'
gcc: fatal error: no input files
compilation terminated.
configure:2386: $? = 1
configure:2409: checking for C compiler default output file name
configure:2436: gcc    conftest.c  >&5
configure:2439: $? = 0
configure:2477: result: a.out
configure:2494: checking whether the C compiler works
configure:2504: ./a.out
configure:2507: $? = 0
configure:2524: result: yes
configure:2531: checking whether we are cross compiling
configure:2533: result: no
configure:2536: checking for suffix of executables
configure:2543: gcc -o conftest    conftest.c  >&5
configure:2546: $? = 0
configure:2570: result: 
configure:2576: checking for suffix of object files
configure:2602: gcc -c   conftest.c >&5
configure:2605: $? = 0
configure:2628: result: o
configure:2632: checking whether we are using the GNU C compiler
configure:2661: gcc -c   conftest.c >&5
configure:2667: $? = 0
configure:2684: result: yes
configure:2689: checking whether gcc accepts -g
configure:2719: gcc -c -g  conftest.c >&5
configure:2725: $? = 0
configure:2824: result: yes
configure:2841: checking for gcc option to accept ISO C89
configure:2915: gcc  -c -g -O2  conftest.c >&5
configure:2921: $? = 0
configure:2944: result: none needed
configure:3020: checking for g++
configure:3036: found /usr/bin/g++
configure:3047: result: g++
configure:3078: checking for C++ compiler version
configure:3085: g++ --version >&5
g++ (GCC) 4.7.2
Copyright (C) 2012 Free Software Foundation, Inc.
This is free software; see the source for copying conditions.  There is NO
warranty; not even for MERCHANTABILITY or FITNESS FOR A PARTICULAR PURPOSE.

configure:3088: $? = 0
configure:3095: g++ -v >&5
Using built-in specs.
COLLECT_GCC=g++
COLLECT_LTO_WRAPPER=/usr/lib/gcc/armv6l-unknown-linux-gnueabihf/4.7.2/lto-wrapper
Target: armv6l-unknown-linux-gnueabihf
Configured with: /build/src/gcc-4.7.2/configure --prefix=/usr --libdir=/usr/lib --libexecdir=/usr/lib --mandir=/usr/share/man --infodir=/usr/share/info --with-bugurl=https://bugs.archlinux.org/ --enable-languages=c,c++,fortran,lto,objc,obj-c++ --enable-shared --enable-threads=posix --with-system-zlib --enable-__cxa_atexit --disable-libunwind-exceptions --enable-clocale=gnu --disable-libstdcxx-pch --enable-libstdcxx-time --enable-gnu-unique-object --enable-linker-build-id --with-ppl --enable-cloog-backend=isl --disable-ppl-version-check --disable-cloog-version-check --enable-lto --enable-gold --enable-ld=default --enable-plugin --with-plugin-ld=ld.gold --with-linker-hash-style=gnu --disable-multilib --disable-libssp --disable-build-with-cxx --disable-build-poststage1-with-cxx --enable-checking=release --host=armv6l-unknown-linux-gnueabihf --build=armv6l-unknown-linux-gnueabihf --with-arch=armv6 --with-float=hard --with-fpu=vfp
Thread model: posix
gcc version 4.7.2 (GCC) 
configure:3098: $? = 0
configure:3105: g++ -V >&5
g++: error: unrecognized command line option '-V'
g++: fatal error: no input files
compilation terminated.
configure:3108: $? = 1
configure:3111: checking whether we are using the GNU C++ compiler
configure:3140: g++ -c   conftest.cpp >&5
configure:3146: $? = 0
configure:3163: result: yes
configure:3168: checking whether g++ accepts -g
configure:3198: g++ -c -g  conftest.cpp >&5
configure:3204: $? = 0
configure:3303: result: yes
configure:3339: checking for a BSD-compatible install
configure:3395: result: /usr/bin/install -c
configure:3406: checking whether ln -s works
configure:3410: result: yes
configure:3466: checking for ar
configure:3482: found /usr/bin/ar
configure:3493: result: ar
configure:3570: checking for windres
configure:3600: result: no
configure:3629: checking for rm
configure:3645: found /usr/bin/rm
configure:3656: result: rm
configure:3671: checking for cp
configure:3687: found /usr/bin/cp
configure:3698: result: cp
configure:3713: checking for mkdir
configure:3729: found /usr/bin/mkdir
configure:3740: result: mkdir
configure:3755: checking for echo
configure:3771: found /usr/bin/echo
configure:3782: result: echo
configure:3797: checking for tar
configure:3813: found /bin/tar
configure:3824: result: tar
configure:3839: checking for gzip
configure:3855: found /usr/bin/gzip
configure:3866: result: gzip
configure:3881: checking for zip
configure:3911: result: no
configure:4052: checking whether gcc accepts -march=native
configure:4056: result: yes
configure:4067: checking whether gcc accepts -O2
configure:4071: result: yes
configure:4082: checking whether gcc accepts -fomit-frame-pointer
configure:4086: result: yes
configure:4098: checking whether gcc accepts -fno-merge-constants
configure:4102: result: yes
configure:4113: checking whether gcc accepts -Wall
configure:4117: result: yes
configure:4128: checking whether gcc accepts -Wno-sign-compare
configure:4132: result: yes
configure:4143: checking whether gcc accepts -Wno-unused
configure:4147: result: yes
configure:4192: checking how to run the C preprocessor
configure:4232: gcc -E  conftest.c
configure:4238: $? = 0
configure:4269: gcc -E  conftest.c
conftest.c:8:28: fatal error: ac_nonexistent.h: No such file or directory
compilation terminated.
configure:4275: $? = 1
configure: failed program was:
| /* confdefs.h.  */
| #define PACKAGE_NAME "advance"
| #define PACKAGE_TARNAME "advance"
| #define PACKAGE_VERSION "source"
| #define PACKAGE_STRING "advance source"
| #define PACKAGE_BUGREPORT ""
| /* end confdefs.h.  */
| #include <ac_nonexistent.h>
configure:4308: result: gcc -E
configure:4337: gcc -E  conftest.c
configure:4343: $? = 0
configure:4374: gcc -E  conftest.c
conftest.c:8:28: fatal error: ac_nonexistent.h: No such file or directory
compilation terminated.
configure:4380: $? = 1
configure: failed program was:
| /* confdefs.h.  */
| #define PACKAGE_NAME "advance"
| #define PACKAGE_TARNAME "advance"
| #define PACKAGE_VERSION "source"
| #define PACKAGE_STRING "advance source"
| #define PACKAGE_BUGREPORT ""
| /* end confdefs.h.  */
| #include <ac_nonexistent.h>
configure:4418: checking for grep that handles long lines and -e
configure:4492: result: /usr/bin/grep
configure:4497: checking for egrep
configure:4575: result: /usr/bin/grep -E
configure:4580: checking for ANSI C header files
configure:4610: gcc -c  -march=native -O2 -fomit-frame-pointer -fno-merge-constants -Wall -Wno-sign-compare -Wno-unused  conftest.c >&5
configure:4616: $? = 0
configure:4715: gcc -o conftest  -march=native -O2 -fomit-frame-pointer -fno-merge-constants -Wall -Wno-sign-compare -Wno-unused  -s conftest.c  >&5
configure:4718: $? = 0
configure:4724: ./conftest
configure:4727: $? = 0
configure:4744: result: yes
configure:4768: checking for sys/types.h
configure:4789: gcc -c  -march=native -O2 -fomit-frame-pointer -fno-merge-constants -Wall -Wno-sign-compare -Wno-unused  conftest.c >&5
configure:4795: $? = 0
configure:4811: result: yes
configure:4768: checking for sys/stat.h
configure:4789: gcc -c  -march=native -O2 -fomit-frame-pointer -fno-merge-constants -Wall -Wno-sign-compare -Wno-unused  conftest.c >&5
configure:4795: $? = 0
configure:4811: result: yes
configure:4768: checking for stdlib.h
configure:4789: gcc -c  -march=native -O2 -fomit-frame-pointer -fno-merge-constants -Wall -Wno-sign-compare -Wno-unused  conftest.c >&5
configure:4795: $? = 0
configure:4811: result: yes
configure:4768: checking for string.h
configure:4789: gcc -c  -march=native -O2 -fomit-frame-pointer -fno-merge-constants -Wall -Wno-sign-compare -Wno-unused  conftest.c >&5
configure:4795: $? = 0
configure:4811: result: yes
configure:4768: checking for memory.h
configure:4789: gcc -c  -march=native -O2 -fomit-frame-pointer -fno-merge-constants -Wall -Wno-sign-compare -Wno-unused  conftest.c >&5
configure:4795: $? = 0
configure:4811: result: yes
configure:4768: checking for strings.h
configure:4789: gcc -c  -march=native -O2 -fomit-frame-pointer -fno-merge-constants -Wall -Wno-sign-compare -Wno-unused  conftest.c >&5
configure:4795: $? = 0
configure:4811: result: yes
configure:4768: checking for inttypes.h
configure:4789: gcc -c  -march=native -O2 -fomit-frame-pointer -fno-merge-constants -Wall -Wno-sign-compare -Wno-unused  conftest.c >&5
configure:4795: $? = 0
configure:4811: result: yes
configure:4768: checking for stdint.h
configure:4789: gcc -c  -march=native -O2 -fomit-frame-pointer -fno-merge-constants -Wall -Wno-sign-compare -Wno-unused  conftest.c >&5
configure:4795: $? = 0
configure:4811: result: yes
configure:4768: checking for unistd.h
configure:4789: gcc -c  -march=native -O2 -fomit-frame-pointer -fno-merge-constants -Wall -Wno-sign-compare -Wno-unused  conftest.c >&5
configure:4795: $? = 0
configure:4811: result: yes
configure:4823: checking whether byte ordering is bigendian
configure:4856: gcc -c  -march=native -O2 -fomit-frame-pointer -fno-merge-constants -Wall -Wno-sign-compare -Wno-unused  conftest.c >&5
configure:4862: $? = 0
configure:4894: gcc -c  -march=native -O2 -fomit-frame-pointer -fno-merge-constants -Wall -Wno-sign-compare -Wno-unused  conftest.c >&5
conftest.c: In function 'main':
conftest.c:25:2: error: unknown type name 'not'
conftest.c:25:10: error: expected '=', ',', ';', 'asm' or '__attribute__' before 'endian'
configure:4900: $? = 1
configure: failed program was:
| /* confdefs.h.  */
| #define PACKAGE_NAME "advance"
| #define PACKAGE_TARNAME "advance"
| #define PACKAGE_VERSION "source"
| #define PACKAGE_STRING "advance source"
| #define PACKAGE_BUGREPORT ""
| #define STDC_HEADERS 1
| #define HAVE_SYS_TYPES_H 1
| #define HAVE_SYS_STAT_H 1
| #define HAVE_STDLIB_H 1
| #define HAVE_STRING_H 1
| #define HAVE_MEMORY_H 1
| #define HAVE_STRINGS_H 1
| #define HAVE_INTTYPES_H 1
| #define HAVE_STDINT_H 1
| #define HAVE_UNISTD_H 1
| /* end confdefs.h.  */
| #include <sys/types.h>
| #include <sys/param.h>
| 
| int
| main ()
| {
| #if BYTE_ORDER != BIG_ENDIAN
|  not big endian
| #endif
| 
|   ;
|   return 0;
| }
configure:5040: result: no
configure:5062: checking for char
configure:5092: gcc -c  -march=native -O2 -fomit-frame-pointer -fno-merge-constants -Wall -Wno-sign-compare -Wno-unused  conftest.c >&5
configure:5098: $? = 0
configure:5113: result: yes
configure:5120: checking size of char
configure:5422: gcc -o conftest  -march=native -O2 -fomit-frame-pointer -fno-merge-constants -Wall -Wno-sign-compare -Wno-unused  -s conftest.c  >&5
configure:5425: $? = 0
configure:5431: ./conftest
configure:5434: $? = 0
configure:5457: result: 1
configure:5467: checking for short
configure:5497: gcc -c  -march=native -O2 -fomit-frame-pointer -fno-merge-constants -Wall -Wno-sign-compare -Wno-unused  conftest.c >&5
configure:5503: $? = 0
configure:5518: result: yes
configure:5525: checking size of short
configure:5827: gcc -o conftest  -march=native -O2 -fomit-frame-pointer -fno-merge-constants -Wall -Wno-sign-compare -Wno-unused  -s conftest.c  >&5
configure:5830: $? = 0
configure:5836: ./conftest
configure:5839: $? = 0
configure:5862: result: 2
configure:5872: checking for int
configure:5902: gcc -c  -march=native -O2 -fomit-frame-pointer -fno-merge-constants -Wall -Wno-sign-compare -Wno-unused  conftest.c >&5
configure:5908: $? = 0
configure:5923: result: yes
configure:5930: checking size of int
configure:6232: gcc -o conftest  -march=native -O2 -fomit-frame-pointer -fno-merge-constants -Wall -Wno-sign-compare -Wno-unused  -s conftest.c  >&5
configure:6235: $? = 0
configure:6241: ./conftest
configure:6244: $? = 0
configure:6267: result: 4
configure:6277: checking for long
configure:6307: gcc -c  -march=native -O2 -fomit-frame-pointer -fno-merge-constants -Wall -Wno-sign-compare -Wno-unused  conftest.c >&5
configure:6313: $? = 0
configure:6328: result: yes
configure:6335: checking size of long
configure:6637: gcc -o conftest  -march=native -O2 -fomit-frame-pointer -fno-merge-constants -Wall -Wno-sign-compare -Wno-unused  -s conftest.c  >&5
configure:6640: $? = 0
configure:6646: ./conftest
configure:6649: $? = 0
configure:6672: result: 4
configure:6682: checking for long long
configure:6712: gcc -c  -march=native -O2 -fomit-frame-pointer -fno-merge-constants -Wall -Wno-sign-compare -Wno-unused  conftest.c >&5
configure:6718: $? = 0
configure:6733: result: yes
configure:6740: checking size of long long
configure:7042: gcc -o conftest  -march=native -O2 -fomit-frame-pointer -fno-merge-constants -Wall -Wno-sign-compare -Wno-unused  -s conftest.c  >&5
configure:7045: $? = 0
configure:7051: ./conftest
configure:7054: $? = 0
configure:7077: result: 8
configure:7087: checking for void*
configure:7117: gcc -c  -march=native -O2 -fomit-frame-pointer -fno-merge-constants -Wall -Wno-sign-compare -Wno-unused  conftest.c >&5
configure:7123: $? = 0
configure:7138: result: yes
configure:7145: checking size of void*
configure:7447: gcc -o conftest  -march=native -O2 -fomit-frame-pointer -fno-merge-constants -Wall -Wno-sign-compare -Wno-unused  -s conftest.c  >&5
configure:7450: $? = 0
configure:7456: ./conftest
configure:7459: $? = 0
configure:7482: result: 4
configure:7501: checking for special C compiler options needed for large files
configure:7594: result: no
configure:7600: checking for _FILE_OFFSET_BITS value needed for large files
configure:7635: gcc -c  -march=native -O2 -fomit-frame-pointer -fno-merge-constants -Wall -Wno-sign-compare -Wno-unused  conftest.c >&5
conftest.c:30:3: warning: left shift count >= width of type [enabled by default]
conftest.c:30:3: warning: left shift count >= width of type [enabled by default]
conftest.c:31:10: warning: left shift count >= width of type [enabled by default]
conftest.c:31:10: warning: left shift count >= width of type [enabled by default]
conftest.c:30:7: error: size of array 'off_t_is_large' is negative
conftest.c:32:9: warning: variably modified 'off_t_is_large' at file scope [enabled by default]
configure:7641: $? = 1
configure: failed program was:
| /* confdefs.h.  */
| #define PACKAGE_NAME "advance"
| #define PACKAGE_TARNAME "advance"
| #define PACKAGE_VERSION "source"
| #define PACKAGE_STRING "advance source"
| #define PACKAGE_BUGREPORT ""
| #define STDC_HEADERS 1
| #define HAVE_SYS_TYPES_H 1
| #define HAVE_SYS_STAT_H 1
| #define HAVE_STDLIB_H 1
| #define HAVE_STRING_H 1
| #define HAVE_MEMORY_H 1
| #define HAVE_STRINGS_H 1
| #define HAVE_INTTYPES_H 1
| #define HAVE_STDINT_H 1
| #define HAVE_UNISTD_H 1
| #define SIZEOF_CHAR 1
| #define SIZEOF_SHORT 2
| #define SIZEOF_INT 4
| #define SIZEOF_LONG 4
| #define SIZEOF_LONG_LONG 8
| #define SIZEOF_VOIDP 4
| /* end confdefs.h.  */
| #include <sys/types.h>
|  /* Check that off_t can represent 2**63 - 1 correctly.
|     We can't simply define LARGE_OFF_T to be 9223372036854775807,
|     since some C++ compilers masquerading as C compilers
|     incorrectly reject 9223372036854775807.  */
| #define LARGE_OFF_T (((off_t) 1 << 62) - 1 + ((off_t) 1 << 62))
|   int off_t_is_large[(LARGE_OFF_T % 2147483629 == 721
| 		       && LARGE_OFF_T % 2147483647 == 1)
| 		      ? 1 : -1];
| int
| main ()
| {
| 
|   ;
|   return 0;
| }
configure:7685: gcc -c  -march=native -O2 -fomit-frame-pointer -fno-merge-constants -Wall -Wno-sign-compare -Wno-unused  conftest.c >&5
configure:7691: $? = 0
configure:7709: result: 64
configure:7854: checking whether gcc accepts Pentium assembler
configure:7882: gcc -c  -march=native -O2 -fomit-frame-pointer -fno-merge-constants -Wall -Wno-sign-compare -Wno-unused  conftest.c >&5
conftest.c: In function 'main':
conftest.c:32:4: error: unknown type name 'choke'
configure:7888: $? = 1
configure: failed program was:
| /* confdefs.h.  */
| #define PACKAGE_NAME "advance"
| #define PACKAGE_TARNAME "advance"
| #define PACKAGE_VERSION "source"
| #define PACKAGE_STRING "advance source"
| #define PACKAGE_BUGREPORT ""
| #define STDC_HEADERS 1
| #define HAVE_SYS_TYPES_H 1
| #define HAVE_SYS_STAT_H 1
| #define HAVE_STDLIB_H 1
| #define HAVE_STRING_H 1
| #define HAVE_MEMORY_H 1
| #define HAVE_STRINGS_H 1
| #define HAVE_INTTYPES_H 1
| #define HAVE_STDINT_H 1
| #define HAVE_UNISTD_H 1
| #define SIZEOF_CHAR 1
| #define SIZEOF_SHORT 2
| #define SIZEOF_INT 4
| #define SIZEOF_LONG 4
| #define SIZEOF_LONG_LONG 8
| #define SIZEOF_VOIDP 4
| #define _FILE_OFFSET_BITS 64
| /* end confdefs.h.  */
| 
| 
| int
| main ()
| {
| 
| 			#if !defined(__GNUC__) || !defined(__i386__)
| 			choke me
| 			#endif
| 
|   ;
|   return 0;
| }
configure:7902: result: no
configure:8109: checking for ANSI C header files
configure:8273: result: yes
configure:8283: checking for sys/wait.h that is POSIX.1 compatible
configure:8319: gcc -c  -march=native -O2 -fomit-frame-pointer -fno-merge-constants -Wall -Wno-sign-compare -Wno-unused  conftest.c >&5
configure:8325: $? = 0
configure:8340: result: yes
configure:8358: checking for dirent.h that defines DIR
configure:8387: gcc -c  -march=native -O2 -fomit-frame-pointer -fno-merge-constants -Wall -Wno-sign-compare -Wno-unused  conftest.c >&5
configure:8393: $? = 0
configure:8409: result: yes
configure:8422: checking for library containing opendir
configure:8463: gcc -o conftest  -march=native -O2 -fomit-frame-pointer -fno-merge-constants -Wall -Wno-sign-compare -Wno-unused  -s conftest.c  >&5
configure:8469: $? = 0
configure:8497: result: none required
configure:8591: checking whether time.h and sys/time.h may both be included
configure:8621: gcc -c  -march=native -O2 -fomit-frame-pointer -fno-merge-constants -Wall -Wno-sign-compare -Wno-unused  conftest.c >&5
configure:8627: $? = 0
configure:8642: result: yes
configure:8652: checking whether termios.h defines TIOCGWINSZ
configure:8679: result: no
configure:8683: checking whether sys/ioctl.h defines TIOCGWINSZ
configure:8710: result: yes
configure:8731: checking for unistd.h
configure:8737: result: yes
configure:8741: checking sched.h usability
configure:8758: gcc -c  -march=native -O2 -fomit-frame-pointer -fno-merge-constants -Wall -Wno-sign-compare -Wno-unused  conftest.c >&5
configure:8764: $? = 0
configure:8778: result: yes
configure:8782: checking sched.h presence
configure:8797: gcc -E  conftest.c
configure:8803: $? = 0
configure:8817: result: yes
configure:8845: checking for sched.h
configure:8853: result: yes
configure:8741: checking netdb.h usability
configure:8758: gcc -c  -march=native -O2 -fomit-frame-pointer -fno-merge-constants -Wall -Wno-sign-compare -Wno-unused  conftest.c >&5
configure:8764: $? = 0
configure:8778: result: yes
configure:8782: checking netdb.h presence
configure:8797: gcc -E  conftest.c
configure:8803: $? = 0
configure:8817: result: yes
configure:8845: checking for netdb.h
configure:8853: result: yes
configure:8741: checking termios.h usability
configure:8758: gcc -c  -march=native -O2 -fomit-frame-pointer -fno-merge-constants -Wall -Wno-sign-compare -Wno-unused  conftest.c >&5
configure:8764: $? = 0
configure:8778: result: yes
configure:8782: checking termios.h presence
configure:8797: gcc -E  conftest.c
configure:8803: $? = 0
configure:8817: result: yes
configure:8845: checking for termios.h
configure:8853: result: yes
configure:8741: checking execinfo.h usability
configure:8758: gcc -c  -march=native -O2 -fomit-frame-pointer -fno-merge-constants -Wall -Wno-sign-compare -Wno-unused  conftest.c >&5
configure:8764: $? = 0
configure:8778: result: yes
configure:8782: checking execinfo.h presence
configure:8797: gcc -E  conftest.c
configure:8803: $? = 0
configure:8817: result: yes
configure:8845: checking for execinfo.h
configure:8853: result: yes
configure:8891: checking sys/utsname.h usability
configure:8908: gcc -c  -march=native -O2 -fomit-frame-pointer -fno-merge-constants -Wall -Wno-sign-compare -Wno-unused  conftest.c >&5
configure:8914: $? = 0
configure:8928: result: yes
configure:8932: checking sys/utsname.h presence
configure:8947: gcc -E  conftest.c
configure:8953: $? = 0
configure:8967: result: yes
configure:8995: checking for sys/utsname.h
configure:9003: result: yes
configure:8881: checking for sys/types.h
configure:8887: result: yes
configure:8881: checking for sys/stat.h
configure:8887: result: yes
configure:8891: checking sys/socket.h usability
configure:8908: gcc -c  -march=native -O2 -fomit-frame-pointer -fno-merge-constants -Wall -Wno-sign-compare -Wno-unused  conftest.c >&5
configure:8914: $? = 0
configure:8928: result: yes
configure:8932: checking sys/socket.h presence
configure:8947: gcc -E  conftest.c
configure:8953: $? = 0
configure:8967: result: yes
configure:8995: checking for sys/socket.h
configure:9003: result: yes
configure:8891: checking sys/select.h usability
configure:8908: gcc -c  -march=native -O2 -fomit-frame-pointer -fno-merge-constants -Wall -Wno-sign-compare -Wno-unused  conftest.c >&5
configure:8914: $? = 0
configure:8928: result: yes
configure:8932: checking sys/select.h presence
configure:8947: gcc -E  conftest.c
configure:8953: $? = 0
configure:8967: result: yes
configure:8995: checking for sys/select.h
configure:9003: result: yes
configure:8891: checking sys/ioctl.h usability
configure:8908: gcc -c  -march=native -O2 -fomit-frame-pointer -fno-merge-constants -Wall -Wno-sign-compare -Wno-unused  conftest.c >&5
configure:8914: $? = 0
configure:8928: result: yes
configure:8932: checking sys/ioctl.h presence
configure:8947: gcc -E  conftest.c
configure:8953: $? = 0
configure:8967: result: yes
configure:8995: checking for sys/ioctl.h
configure:9003: result: yes
configure:8891: checking sys/time.h usability
configure:8908: gcc -c  -march=native -O2 -fomit-frame-pointer -fno-merge-constants -Wall -Wno-sign-compare -Wno-unused  conftest.c >&5
configure:8914: $? = 0
configure:8928: result: yes
configure:8932: checking sys/time.h presence
configure:8947: gcc -E  conftest.c
configure:8953: $? = 0
configure:8967: result: yes
configure:8995: checking for sys/time.h
configure:9003: result: yes
configure:8891: checking sys/mman.h usability
configure:8908: gcc -c  -march=native -O2 -fomit-frame-pointer -fno-merge-constants -Wall -Wno-sign-compare -Wno-unused  conftest.c >&5
configure:8914: $? = 0
configure:8928: result: yes
configure:8932: checking sys/mman.h presence
configure:8947: gcc -E  conftest.c
configure:8953: $? = 0
configure:8967: result: yes
configure:8995: checking for sys/mman.h
configure:9003: result: yes
configure:8891: checking sys/io.h usability
configure:8908: gcc -c  -march=native -O2 -fomit-frame-pointer -fno-merge-constants -Wall -Wno-sign-compare -Wno-unused  conftest.c >&5
configure:8914: $? = 0
configure:8928: result: yes
configure:8932: checking sys/io.h presence
configure:8947: gcc -E  conftest.c
configure:8953: $? = 0
configure:8967: result: yes
configure:8995: checking for sys/io.h
configure:9003: result: yes
configure:8891: checking sys/kd.h usability
configure:8908: gcc -c  -march=native -O2 -fomit-frame-pointer -fno-merge-constants -Wall -Wno-sign-compare -Wno-unused  conftest.c >&5
configure:8914: $? = 0
configure:8928: result: yes
configure:8932: checking sys/kd.h presence
configure:8947: gcc -E  conftest.c
configure:8953: $? = 0
configure:8967: result: yes
configure:8995: checking for sys/kd.h
configure:9003: result: yes
configure:8891: checking sys/vt.h usability
configure:8908: gcc -c  -march=native -O2 -fomit-frame-pointer -fno-merge-constants -Wall -Wno-sign-compare -Wno-unused  conftest.c >&5
configure:8914: $? = 0
configure:8928: result: yes
configure:8932: checking sys/vt.h presence
configure:8947: gcc -E  conftest.c
configure:8953: $? = 0
configure:8967: result: yes
configure:8995: checking for sys/vt.h
configure:9003: result: yes
configure:9032: checking netinet/in.h usability
configure:9049: gcc -c  -march=native -O2 -fomit-frame-pointer -fno-merge-constants -Wall -Wno-sign-compare -Wno-unused  conftest.c >&5
configure:9055: $? = 0
configure:9069: result: yes
configure:9073: checking netinet/in.h presence
configure:9088: gcc -E  conftest.c
configure:9094: $? = 0
configure:9108: result: yes
configure:9136: checking for netinet/in.h
configure:9144: result: yes
configure:9032: checking ucontext.h usability
configure:9049: gcc -c  -march=native -O2 -fomit-frame-pointer -fno-merge-constants -Wall -Wno-sign-compare -Wno-unused  conftest.c >&5
configure:9055: $? = 0
configure:9069: result: yes
configure:9073: checking ucontext.h presence
configure:9088: gcc -E  conftest.c
configure:9094: $? = 0
configure:9108: result: yes
configure:9136: checking for ucontext.h
configure:9144: result: yes
configure:9157: checking for an ANSI C-conforming const
configure:9232: gcc -c  -march=native -O2 -fomit-frame-pointer -fno-merge-constants -Wall -Wno-sign-compare -Wno-unused  conftest.c >&5
conftest.c: In function 'main':
conftest.c:77:10: warning: 't' is used uninitialized in this function [-Wuninitialized]
conftest.c:99:13: warning: 'cs[0]' is used uninitialized in this function [-Wuninitialized]
configure:9238: $? = 0
configure:9253: result: yes
configure:9263: checking for C/C++ restrict keyword
configure:9299: gcc -c  -march=native -O2 -fomit-frame-pointer -fno-merge-constants -Wall -Wno-sign-compare -Wno-unused  conftest.c >&5
conftest.c:49:35: error: expected ';', ',' or ')' before 'ip'
conftest.c: In function 'main':
conftest.c:56:24: error: expected '=', ',', ';', 'asm' or '__attribute__' before 't'
conftest.c:56:24: error: 't' undeclared (first use in this function)
conftest.c:56:24: note: each undeclared identifier is reported only once for each function it appears in
conftest.c:58:9: warning: implicit declaration of function 'foo' [-Wimplicit-function-declaration]
configure:9305: $? = 1
configure: failed program was:
| /* confdefs.h.  */
| #define PACKAGE_NAME "advance"
| #define PACKAGE_TARNAME "advance"
| #define PACKAGE_VERSION "source"
| #define PACKAGE_STRING "advance source"
| #define PACKAGE_BUGREPORT ""
| #define STDC_HEADERS 1
| #define HAVE_SYS_TYPES_H 1
| #define HAVE_SYS_STAT_H 1
| #define HAVE_STDLIB_H 1
| #define HAVE_STRING_H 1
| #define HAVE_MEMORY_H 1
| #define HAVE_STRINGS_H 1
| #define HAVE_INTTYPES_H 1
| #define HAVE_STDINT_H 1
| #define HAVE_UNISTD_H 1
| #define SIZEOF_CHAR 1
| #define SIZEOF_SHORT 2
| #define SIZEOF_INT 4
| #define SIZEOF_LONG 4
| #define SIZEOF_LONG_LONG 8
| #define SIZEOF_VOIDP 4
| #define _FILE_OFFSET_BITS 64
| #define STDC_HEADERS 1
| #define HAVE_SYS_WAIT_H 1
| #define HAVE_DIRENT_H 1
| #define TIME_WITH_SYS_TIME 1
| #define GWINSZ_IN_SYS_IOCTL 1
| #define HAVE_UNISTD_H 1
| #define HAVE_SCHED_H 1
| #define HAVE_NETDB_H 1
| #define HAVE_TERMIOS_H 1
| #define HAVE_EXECINFO_H 1
| #define HAVE_SYS_UTSNAME_H 1
| #define HAVE_SYS_TYPES_H 1
| #define HAVE_SYS_STAT_H 1
| #define HAVE_SYS_SOCKET_H 1
| #define HAVE_SYS_SELECT_H 1
| #define HAVE_SYS_IOCTL_H 1
| #define HAVE_SYS_TIME_H 1
| #define HAVE_SYS_MMAN_H 1
| #define HAVE_SYS_IO_H 1
| #define HAVE_SYS_KD_H 1
| #define HAVE_SYS_VT_H 1
| #define HAVE_NETINET_IN_H 1
| #define HAVE_UCONTEXT_H 1
| /* end confdefs.h.  */
| typedef int * int_ptr;
|         int foo (int_ptr restrict ip) {
|         return ip[0];
|        }
| int
| main ()
| {
| int s[1];
|         int * restrict t = s;
|         t[0] = 0;
|         return foo(t)
|   ;
|   return 0;
| }
configure:9299: gcc -c  -march=native -O2 -fomit-frame-pointer -fno-merge-constants -Wall -Wno-sign-compare -Wno-unused  conftest.c >&5
configure:9305: $? = 0
configure:9323: result: __restrict
configure:9338: checking for inline
configure:9364: gcc -c  -march=native -O2 -fomit-frame-pointer -fno-merge-constants -Wall -Wno-sign-compare -Wno-unused  conftest.c >&5
configure:9370: $? = 0
configure:9388: result: inline
configure:9409: checking for working alloca.h
configure:9436: gcc -o conftest  -march=native -O2 -fomit-frame-pointer -fno-merge-constants -Wall -Wno-sign-compare -Wno-unused  -s conftest.c  >&5
configure:9442: $? = 0
configure:9459: result: yes
configure:9469: checking for alloca
configure:9516: gcc -o conftest  -march=native -O2 -fomit-frame-pointer -fno-merge-constants -Wall -Wno-sign-compare -Wno-unused  -s conftest.c  >&5
configure:9522: $? = 0
configure:9539: result: yes
configure:9772: checking for stdlib.h
configure:9778: result: yes
configure:9772: checking for unistd.h
configure:9778: result: yes
configure:9911: checking for getpagesize
configure:9967: gcc -o conftest  -march=native -O2 -fomit-frame-pointer -fno-merge-constants -Wall -Wno-sign-compare -Wno-unused  -s conftest.c  >&5
configure:9973: $? = 0
configure:9991: result: yes
configure:10001: checking for working mmap
configure:10148: gcc -o conftest  -march=native -O2 -fomit-frame-pointer -fno-merge-constants -Wall -Wno-sign-compare -Wno-unused  -s conftest.c  >&5
configure:10151: $? = 0
configure:10157: ./conftest
configure:10160: $? = 0
configure:10176: result: yes
configure:10193: checking for sys/select.h
configure:10199: result: yes
configure:10193: checking for sys/socket.h
configure:10199: result: yes
configure:10328: checking types of arguments for select
configure:10366: gcc -c  -march=native -O2 -fomit-frame-pointer -fno-merge-constants -Wall -Wno-sign-compare -Wno-unused  conftest.c >&5
configure:10372: $? = 0
configure:10393: result: int,fd_set *,struct timeval *
configure:10420: checking for vprintf
configure:10476: gcc -o conftest  -march=native -O2 -fomit-frame-pointer -fno-merge-constants -Wall -Wno-sign-compare -Wno-unused  -s conftest.c  >&5
conftest.c:83:6: warning: conflicting types for built-in function 'vprintf' [enabled by default]
configure:10482: $? = 0
configure:10500: result: yes
configure:10507: checking for _doprnt
configure:10563: gcc -o conftest  -march=native -O2 -fomit-frame-pointer -fno-merge-constants -Wall -Wno-sign-compare -Wno-unused  -s conftest.c  >&5
/tmp/ccOhIGhj.o: In function `main':
conftest.c:(.text.startup+0x4): undefined reference to `_doprnt'
collect2: error: ld returned 1 exit status
configure:10569: $? = 1
configure: failed program was:
| /* confdefs.h.  */
| #define PACKAGE_NAME "advance"
| #define PACKAGE_TARNAME "advance"
| #define PACKAGE_VERSION "source"
| #define PACKAGE_STRING "advance source"
| #define PACKAGE_BUGREPORT ""
| #define STDC_HEADERS 1
| #define HAVE_SYS_TYPES_H 1
| #define HAVE_SYS_STAT_H 1
| #define HAVE_STDLIB_H 1
| #define HAVE_STRING_H 1
| #define HAVE_MEMORY_H 1
| #define HAVE_STRINGS_H 1
| #define HAVE_INTTYPES_H 1
| #define HAVE_STDINT_H 1
| #define HAVE_UNISTD_H 1
| #define SIZEOF_CHAR 1
| #define SIZEOF_SHORT 2
| #define SIZEOF_INT 4
| #define SIZEOF_LONG 4
| #define SIZEOF_LONG_LONG 8
| #define SIZEOF_VOIDP 4
| #define _FILE_OFFSET_BITS 64
| #define STDC_HEADERS 1
| #define HAVE_SYS_WAIT_H 1
| #define HAVE_DIRENT_H 1
| #define TIME_WITH_SYS_TIME 1
| #define GWINSZ_IN_SYS_IOCTL 1
| #define HAVE_UNISTD_H 1
| #define HAVE_SCHED_H 1
| #define HAVE_NETDB_H 1
| #define HAVE_TERMIOS_H 1
| #define HAVE_EXECINFO_H 1
| #define HAVE_SYS_UTSNAME_H 1
| #define HAVE_SYS_TYPES_H 1
| #define HAVE_SYS_STAT_H 1
| #define HAVE_SYS_SOCKET_H 1
| #define HAVE_SYS_SELECT_H 1
| #define HAVE_SYS_IOCTL_H 1
| #define HAVE_SYS_TIME_H 1
| #define HAVE_SYS_MMAN_H 1
| #define HAVE_SYS_IO_H 1
| #define HAVE_SYS_KD_H 1
| #define HAVE_SYS_VT_H 1
| #define HAVE_NETINET_IN_H 1
| #define HAVE_UCONTEXT_H 1
| #define restrict __restrict
| #define HAVE_ALLOCA_H 1
| #define HAVE_ALLOCA 1
| #define HAVE_STDLIB_H 1
| #define HAVE_UNISTD_H 1
| #define HAVE_GETPAGESIZE 1
| #define HAVE_MMAP 1
| #define HAVE_SYS_SELECT_H 1
| #define HAVE_SYS_SOCKET_H 1
| #define SELECT_TYPE_ARG1 int
| #define SELECT_TYPE_ARG234 (fd_set *)
| #define SELECT_TYPE_ARG5 (struct timeval *)
| #define HAVE_VPRINTF 1
| /* end confdefs.h.  */
| /* Define _doprnt to an innocuous variant, in case <limits.h> declares _doprnt.
|    For example, HP-UX 11i <limits.h> declares gettimeofday.  */
| #define _doprnt innocuous__doprnt
| 
| /* System header to define __stub macros and hopefully few prototypes,
|     which can conflict with char _doprnt (); below.
|     Prefer <limits.h> to <assert.h> if __STDC__ is defined, since
|     <limits.h> exists even on freestanding compilers.  */
| 
| #ifdef __STDC__
| # include <limits.h>
| #else
| # include <assert.h>
| #endif
| 
| #undef _doprnt
| 
| /* Override any GCC internal prototype to avoid an error.
|    Use char because int might match the return type of a GCC
|    builtin and then its argument prototype would still apply.  */
| #ifdef __cplusplus
| extern "C"
| #endif
| char _doprnt ();
| /* The GNU C library defines this for functions which it implements
|     to always fail with ENOSYS.  Some functions are actually named
|     something starting with __ and the normal name is an alias.  */
| #if defined __stub__doprnt || defined __stub____doprnt
| choke me
| #endif
| 
| int
| main ()
| {
| return _doprnt ();
|   ;
|   return 0;
| }
configure:10586: result: no
configure:10605: checking for strcasecmp
configure:10661: gcc -o conftest  -march=native -O2 -fomit-frame-pointer -fno-merge-constants -Wall -Wno-sign-compare -Wno-unused  -s conftest.c  >&5
conftest.c:84:6: warning: conflicting types for built-in function 'strcasecmp' [enabled by default]
configure:10667: $? = 0
configure:10685: result: yes
configure:10605: checking for strerror
configure:10661: gcc -o conftest  -march=native -O2 -fomit-frame-pointer -fno-merge-constants -Wall -Wno-sign-compare -Wno-unused  -s conftest.c  >&5
configure:10667: $? = 0
configure:10685: result: yes
configure:10702: checking for uname
configure:10758: gcc -o conftest  -march=native -O2 -fomit-frame-pointer -fno-merge-constants -Wall -Wno-sign-compare -Wno-unused  -s conftest.c  >&5
configure:10764: $? = 0
configure:10782: result: yes
configure:10702: checking for sysconf
configure:10758: gcc -o conftest  -march=native -O2 -fomit-frame-pointer -fno-merge-constants -Wall -Wno-sign-compare -Wno-unused  -s conftest.c  >&5
configure:10764: $? = 0
configure:10782: result: yes
configure:10702: checking for backtrace
configure:10758: gcc -o conftest  -march=native -O2 -fomit-frame-pointer -fno-merge-constants -Wall -Wno-sign-compare -Wno-unused  -s conftest.c  >&5
configure:10764: $? = 0
configure:10782: result: yes
configure:10702: checking for backtrace_symbols
configure:10758: gcc -o conftest  -march=native -O2 -fomit-frame-pointer -fno-merge-constants -Wall -Wno-sign-compare -Wno-unused  -s conftest.c  >&5
configure:10764: $? = 0
configure:10782: result: yes
configure:10801: checking for flockfile
configure:10857: gcc -o conftest  -march=native -O2 -fomit-frame-pointer -fno-merge-constants -Wall -Wno-sign-compare -Wno-unused  -s conftest.c  >&5
configure:10863: $? = 0
configure:10881: result: yes
configure:10801: checking for funlockfile
configure:10857: gcc -o conftest  -march=native -O2 -fomit-frame-pointer -fno-merge-constants -Wall -Wno-sign-compare -Wno-unused  -s conftest.c  >&5
configure:10863: $? = 0
configure:10881: result: yes
configure:10801: checking for fread_unlocked
configure:10857: gcc -o conftest  -march=native -O2 -fomit-frame-pointer -fno-merge-constants -Wall -Wno-sign-compare -Wno-unused  -s conftest.c  >&5
configure:10863: $? = 0
configure:10881: result: yes
configure:10801: checking for fwrite_unlocked
configure:10857: gcc -o conftest  -march=native -O2 -fomit-frame-pointer -fno-merge-constants -Wall -Wno-sign-compare -Wno-unused  -s conftest.c  >&5
conftest.c:93:6: warning: conflicting types for built-in function 'fwrite_unlocked' [enabled by default]
configure:10863: $? = 0
configure:10881: result: yes
configure:10801: checking for fgetc_unlocked
configure:10857: gcc -o conftest  -march=native -O2 -fomit-frame-pointer -fno-merge-constants -Wall -Wno-sign-compare -Wno-unused  -s conftest.c  >&5
configure:10863: $? = 0
configure:10881: result: yes
configure:10801: checking for feof_unlocked
configure:10857: gcc -o conftest  -march=native -O2 -fomit-frame-pointer -fno-merge-constants -Wall -Wno-sign-compare -Wno-unused  -s conftest.c  >&5
configure:10863: $? = 0
configure:10881: result: yes
configure:10896: checking for iopl
configure:10952: gcc -o conftest  -march=native -O2 -fomit-frame-pointer -fno-merge-constants -Wall -Wno-sign-compare -Wno-unused  -s conftest.c  >&5
configure:10958: $? = 0
configure:10976: result: yes
configure:10896: checking for mprotect
configure:10952: gcc -o conftest  -march=native -O2 -fomit-frame-pointer -fno-merge-constants -Wall -Wno-sign-compare -Wno-unused  -s conftest.c  >&5
configure:10958: $? = 0
configure:10976: result: yes
configure:10986: checking for port in/out
configure:11013: gcc -o conftest  -march=native -O2 -fomit-frame-pointer -fno-merge-constants -Wall -Wno-sign-compare -Wno-unused  -s conftest.c  >&5
configure:11019: $? = 0
configure:11035: result: yes
configure:11081: checking for adler32 in -lz
configure:11116: gcc -o conftest  -march=native -O2 -fomit-frame-pointer -fno-merge-constants -Wall -Wno-sign-compare -Wno-unused  -s conftest.c -lz   >&5
configure:11122: $? = 0
configure:11140: result: yes
configure:11168: checking for XML_ParserCreate in -lexpat
configure:11203: gcc -o conftest  -march=native -O2 -fomit-frame-pointer -fno-merge-constants -Wall -Wno-sign-compare -Wno-unused  -s conftest.c -lexpat   >&5
configure:11209: $? = 0
configure:11227: result: yes
configure:11255: checking for vga_init in -lvga
configure:11291: gcc -o conftest  -march=native -O2 -fomit-frame-pointer -fno-merge-constants -Wall -Wno-sign-compare -Wno-unused  -s conftest.c -lvga -lm
	  >&5
/usr/bin/ld: cannot find -lvga
collect2: error: ld returned 1 exit status
configure:11297: $? = 1
configure: failed program was:
| /* confdefs.h.  */
| #define PACKAGE_NAME "advance"
| #define PACKAGE_TARNAME "advance"
| #define PACKAGE_VERSION "source"
| #define PACKAGE_STRING "advance source"
| #define PACKAGE_BUGREPORT ""
| #define STDC_HEADERS 1
| #define HAVE_SYS_TYPES_H 1
| #define HAVE_SYS_STAT_H 1
| #define HAVE_STDLIB_H 1
| #define HAVE_STRING_H 1
| #define HAVE_MEMORY_H 1
| #define HAVE_STRINGS_H 1
| #define HAVE_INTTYPES_H 1
| #define HAVE_STDINT_H 1
| #define HAVE_UNISTD_H 1
| #define SIZEOF_CHAR 1
| #define SIZEOF_SHORT 2
| #define SIZEOF_INT 4
| #define SIZEOF_LONG 4
| #define SIZEOF_LONG_LONG 8
| #define SIZEOF_VOIDP 4
| #define _FILE_OFFSET_BITS 64
| #define STDC_HEADERS 1
| #define HAVE_SYS_WAIT_H 1
| #define HAVE_DIRENT_H 1
| #define TIME_WITH_SYS_TIME 1
| #define GWINSZ_IN_SYS_IOCTL 1
| #define HAVE_UNISTD_H 1
| #define HAVE_SCHED_H 1
| #define HAVE_NETDB_H 1
| #define HAVE_TERMIOS_H 1
| #define HAVE_EXECINFO_H 1
| #define HAVE_SYS_UTSNAME_H 1
| #define HAVE_SYS_TYPES_H 1
| #define HAVE_SYS_STAT_H 1
| #define HAVE_SYS_SOCKET_H 1
| #define HAVE_SYS_SELECT_H 1
| #define HAVE_SYS_IOCTL_H 1
| #define HAVE_SYS_TIME_H 1
| #define HAVE_SYS_MMAN_H 1
| #define HAVE_SYS_IO_H 1
| #define HAVE_SYS_KD_H 1
| #define HAVE_SYS_VT_H 1
| #define HAVE_NETINET_IN_H 1
| #define HAVE_UCONTEXT_H 1
| #define restrict __restrict
| #define HAVE_ALLOCA_H 1
| #define HAVE_ALLOCA 1
| #define HAVE_STDLIB_H 1
| #define HAVE_UNISTD_H 1
| #define HAVE_GETPAGESIZE 1
| #define HAVE_MMAP 1
| #define HAVE_SYS_SELECT_H 1
| #define HAVE_SYS_SOCKET_H 1
| #define SELECT_TYPE_ARG1 int
| #define SELECT_TYPE_ARG234 (fd_set *)
| #define SELECT_TYPE_ARG5 (struct timeval *)
| #define HAVE_VPRINTF 1
| #define HAVE_STRCASECMP 1
| #define HAVE_STRERROR 1
| #define HAVE_UNAME 1
| #define HAVE_SYSCONF 1
| #define HAVE_BACKTRACE 1
| #define HAVE_BACKTRACE_SYMBOLS 1
| #define HAVE_FLOCKFILE 1
| #define HAVE_FUNLOCKFILE 1
| #define HAVE_FREAD_UNLOCKED 1
| #define HAVE_FWRITE_UNLOCKED 1
| #define HAVE_FGETC_UNLOCKED 1
| #define HAVE_FEOF_UNLOCKED 1
| #define HAVE_IOPL 1
| #define HAVE_MPROTECT 1
| #define HAVE_INOUT 1
| /* end confdefs.h.  */
| 
| /* Override any GCC internal prototype to avoid an error.
|    Use char because int might match the return type of a GCC
|    builtin and then its argument prototype would still apply.  */
| #ifdef __cplusplus
| extern "C"
| #endif
| char vga_init ();
| int
| main ()
| {
| return vga_init ();
|   ;
|   return 0;
| }
configure:11315: result: no
configure:11529: checking for FrameBuffer
configure:11556: gcc -c  -march=native -O2 -fomit-frame-pointer -fno-merge-constants -Wall -Wno-sign-compare -Wno-unused  conftest.c >&5
configure:11562: $? = 0
configure:11576: result: yes
configure:11649: checking for snd_pcm_open in -lasound
configure:11685: gcc -o conftest  -march=native -O2 -fomit-frame-pointer -fno-merge-constants -Wall -Wno-sign-compare -Wno-unused  -s conftest.c -lasound -lm
	  >&5
configure:11691: $? = 0
configure:11709: result: yes
configure:11718: checking for ALSA
configure:11747: gcc -c  -march=native -O2 -fomit-frame-pointer -fno-merge-constants -Wall -Wno-sign-compare -Wno-unused  conftest.c >&5
configure:11753: $? = 0
configure:11767: result: yes
configure:11918: checking for OSS
configure:11945: gcc -c  -march=native -O2 -fomit-frame-pointer -fno-merge-constants -Wall -Wno-sign-compare -Wno-unused  conftest.c >&5
configure:11951: $? = 0
configure:11965: result: yes
configure:12037: checking for pthread_create in -lpthread
configure:12073: gcc -o conftest  -march=native -O2 -fomit-frame-pointer -fno-merge-constants -Wall -Wno-sign-compare -Wno-unused  -s conftest.c -lpthread
	  >&5
configure:12079: $? = 0
configure:12097: result: yes
configure:12199: checking for SLang_init_tty in -lslang
configure:12235: gcc -o conftest  -march=native -O2 -fomit-frame-pointer -fno-merge-constants -Wall -Wno-sign-compare -Wno-unused  -s conftest.c -lslang
	  >&5
/usr/bin/ld: cannot find -lslang
collect2: error: ld returned 1 exit status
configure:12241: $? = 1
configure: failed program was:
| /* confdefs.h.  */
| #define PACKAGE_NAME "advance"
| #define PACKAGE_TARNAME "advance"
| #define PACKAGE_VERSION "source"
| #define PACKAGE_STRING "advance source"
| #define PACKAGE_BUGREPORT ""
| #define STDC_HEADERS 1
| #define HAVE_SYS_TYPES_H 1
| #define HAVE_SYS_STAT_H 1
| #define HAVE_STDLIB_H 1
| #define HAVE_STRING_H 1
| #define HAVE_MEMORY_H 1
| #define HAVE_STRINGS_H 1
| #define HAVE_INTTYPES_H 1
| #define HAVE_STDINT_H 1
| #define HAVE_UNISTD_H 1
| #define SIZEOF_CHAR 1
| #define SIZEOF_SHORT 2
| #define SIZEOF_INT 4
| #define SIZEOF_LONG 4
| #define SIZEOF_LONG_LONG 8
| #define SIZEOF_VOIDP 4
| #define _FILE_OFFSET_BITS 64
| #define STDC_HEADERS 1
| #define HAVE_SYS_WAIT_H 1
| #define HAVE_DIRENT_H 1
| #define TIME_WITH_SYS_TIME 1
| #define GWINSZ_IN_SYS_IOCTL 1
| #define HAVE_UNISTD_H 1
| #define HAVE_SCHED_H 1
| #define HAVE_NETDB_H 1
| #define HAVE_TERMIOS_H 1
| #define HAVE_EXECINFO_H 1
| #define HAVE_SYS_UTSNAME_H 1
| #define HAVE_SYS_TYPES_H 1
| #define HAVE_SYS_STAT_H 1
| #define HAVE_SYS_SOCKET_H 1
| #define HAVE_SYS_SELECT_H 1
| #define HAVE_SYS_IOCTL_H 1
| #define HAVE_SYS_TIME_H 1
| #define HAVE_SYS_MMAN_H 1
| #define HAVE_SYS_IO_H 1
| #define HAVE_SYS_KD_H 1
| #define HAVE_SYS_VT_H 1
| #define HAVE_NETINET_IN_H 1
| #define HAVE_UCONTEXT_H 1
| #define restrict __restrict
| #define HAVE_ALLOCA_H 1
| #define HAVE_ALLOCA 1
| #define HAVE_STDLIB_H 1
| #define HAVE_UNISTD_H 1
| #define HAVE_GETPAGESIZE 1
| #define HAVE_MMAP 1
| #define HAVE_SYS_SELECT_H 1
| #define HAVE_SYS_SOCKET_H 1
| #define SELECT_TYPE_ARG1 int
| #define SELECT_TYPE_ARG234 (fd_set *)
| #define SELECT_TYPE_ARG5 (struct timeval *)
| #define HAVE_VPRINTF 1
| #define HAVE_STRCASECMP 1
| #define HAVE_STRERROR 1
| #define HAVE_UNAME 1
| #define HAVE_SYSCONF 1
| #define HAVE_BACKTRACE 1
| #define HAVE_BACKTRACE_SYMBOLS 1
| #define HAVE_FLOCKFILE 1
| #define HAVE_FUNLOCKFILE 1
| #define HAVE_FREAD_UNLOCKED 1
| #define HAVE_FWRITE_UNLOCKED 1
| #define HAVE_FGETC_UNLOCKED 1
| #define HAVE_FEOF_UNLOCKED 1
| #define HAVE_IOPL 1
| #define HAVE_MPROTECT 1
| #define HAVE_INOUT 1
| /* end confdefs.h.  */
| 
| /* Override any GCC internal prototype to avoid an error.
|    Use char because int might match the return type of a GCC
|    builtin and then its argument prototype would still apply.  */
| #ifdef __cplusplus
| extern "C"
| #endif
| char SLang_init_tty ();
| int
| main ()
| {
| return SLang_init_tty ();
|   ;
|   return 0;
| }
configure:12259: result: no
configure:12503: checking for endwin in -lncurses
configure:12539: gcc -o conftest  -march=native -O2 -fomit-frame-pointer -fno-merge-constants -Wall -Wno-sign-compare -Wno-unused  -s conftest.c -lncurses
	  >&5
configure:12545: $? = 0
configure:12563: result: yes
configure:12685: checking for freetype-config
configure:12704: found /usr/bin/freetype-config
configure:12716: result: /usr/bin/freetype-config
configure:12736: checking for FreeType2
configure:12768: gcc -o conftest -I/usr/include/freetype2  -march=native -O2 -fomit-frame-pointer -fno-merge-constants -Wall -Wno-sign-compare -Wno-unused  -s conftest.c -lfreetype -lz -lbz2  >&5
configure:12774: $? = 0
configure:12790: result: yes
configure:12951: checking for sdl-config
configure:12970: found /usr/bin/sdl-config
configure:12982: result: /usr/bin/sdl-config
configure:13006: checking for SDL
configure:13034: gcc -o conftest -I/usr/include/SDL -D_GNU_SOURCE=1 -D_REENTRANT  -march=native -O2 -fomit-frame-pointer -fno-merge-constants -Wall -Wno-sign-compare -Wno-unused  -s conftest.c -L/usr/lib -lSDL -lpthread  >&5
configure:13040: $? = 0
configure:13056: result: yes
configure:13304: checking for raw keyboard interface
configure:13336: gcc -c  -march=native -O2 -fomit-frame-pointer -fno-merge-constants -Wall -Wno-sign-compare -Wno-unused  conftest.c >&5
configure:13342: $? = 0
configure:13356: result: yes
configure:13433: checking for raw joystick interface
configure:13462: gcc -c  -march=native -O2 -fomit-frame-pointer -fno-merge-constants -Wall -Wno-sign-compare -Wno-unused  conftest.c >&5
configure:13468: $? = 0
configure:13482: result: yes
configure:13555: checking for raw mouse interface
configure:13582: gcc -c  -march=native -O2 -fomit-frame-pointer -fno-merge-constants -Wall -Wno-sign-compare -Wno-unused  conftest.c >&5
configure:13588: $? = 0
configure:13602: result: yes
configure:13690: checking for event mouse interface
configure:13717: gcc -c  -march=native -O2 -fomit-frame-pointer -fno-merge-constants -Wall -Wno-sign-compare -Wno-unused  conftest.c >&5
configure:13723: $? = 0
configure:13737: result: yes
configure:13808: checking for event keyboard interface
configure:13835: gcc -c  -march=native -O2 -fomit-frame-pointer -fno-merge-constants -Wall -Wno-sign-compare -Wno-unused  conftest.c >&5
configure:13841: $? = 0
configure:13855: result: yes
configure:13927: checking for event joystick interface
configure:13954: gcc -c  -march=native -O2 -fomit-frame-pointer -fno-merge-constants -Wall -Wno-sign-compare -Wno-unused  conftest.c >&5
configure:13960: $? = 0
configure:13974: result: yes
configure:14140: creating ./config.status

## ---------------------- ##
## Running config.status. ##
## ---------------------- ##

This file was extended by advance config.status source, which was
generated by GNU Autoconf 2.61.  Invocation command line was

  CONFIG_FILES    = 
  CONFIG_HEADERS  = 
  CONFIG_LINKS    = 
  CONFIG_COMMANDS = 
  $ ./config.status 

on RPi_ARCH_DEV

config.status:666: creating Makefile
config.status:801: WARNING:  Makefile.in seems to ignore the --datarootdir setting
config.status:666: creating advance/lib/config.h
config.status:950: advance/lib/config.h is unchanged

## ---------------- ##
## Cache variables. ##
## ---------------- ##

ac_cv_build=armv6l-unknown-linux-gnu
ac_cv_c_bigendian=no
ac_cv_c_compiler_gnu=yes
ac_cv_c_const=yes
ac_cv_c_inline=inline
ac_cv_c_restrict=__restrict
ac_cv_cxx_compiler_gnu=yes
ac_cv_env_CCC_set=
ac_cv_env_CCC_value=
ac_cv_env_CC_set=
ac_cv_env_CC_value=
ac_cv_env_CFLAGS_set=
ac_cv_env_CFLAGS_value=
ac_cv_env_CPPFLAGS_set=
ac_cv_env_CPPFLAGS_value=
ac_cv_env_CPP_set=
ac_cv_env_CPP_value=
ac_cv_env_CXXFLAGS_set=
ac_cv_env_CXXFLAGS_value=
ac_cv_env_CXX_set=
ac_cv_env_CXX_value=
ac_cv_env_LDFLAGS_set=
ac_cv_env_LDFLAGS_value=
ac_cv_env_LIBS_set=
ac_cv_env_LIBS_value=
ac_cv_env_build_alias_set=
ac_cv_env_build_alias_value=
ac_cv_env_host_alias_set=
ac_cv_env_host_alias_value=
ac_cv_env_target_alias_set=
ac_cv_env_target_alias_value=
ac_cv_func__doprnt=no
ac_cv_func_alloca_works=yes
ac_cv_func_backtrace=yes
ac_cv_func_backtrace_symbols=yes
ac_cv_func_feof_unlocked=yes
ac_cv_func_fgetc_unlocked=yes
ac_cv_func_flockfile=yes
ac_cv_func_fread_unlocked=yes
ac_cv_func_funlockfile=yes
ac_cv_func_fwrite_unlocked=yes
ac_cv_func_getpagesize=yes
ac_cv_func_iopl=yes
ac_cv_func_mmap_fixed_mapped=yes
ac_cv_func_mprotect=yes
ac_cv_func_select_args='int,fd_set *,struct timeval *'
ac_cv_func_strcasecmp=yes
ac_cv_func_strerror=yes
ac_cv_func_sysconf=yes
ac_cv_func_uname=yes
ac_cv_func_vprintf=yes
ac_cv_header_dirent_dirent_h=yes
ac_cv_header_execinfo_h=yes
ac_cv_header_inttypes_h=yes
ac_cv_header_memory_h=yes
ac_cv_header_netdb_h=yes
ac_cv_header_netinet_in_h=yes
ac_cv_header_sched_h=yes
ac_cv_header_stdc=yes
ac_cv_header_stdint_h=yes
ac_cv_header_stdlib_h=yes
ac_cv_header_string_h=yes
ac_cv_header_strings_h=yes
ac_cv_header_sys_io_h=yes
ac_cv_header_sys_ioctl_h=yes
ac_cv_header_sys_kd_h=yes
ac_cv_header_sys_mman_h=yes
ac_cv_header_sys_select_h=yes
ac_cv_header_sys_socket_h=yes
ac_cv_header_sys_stat_h=yes
ac_cv_header_sys_time_h=yes
ac_cv_header_sys_types_h=yes
ac_cv_header_sys_utsname_h=yes
ac_cv_header_sys_vt_h=yes
ac_cv_header_sys_wait_h=yes
ac_cv_header_termios_h=yes
ac_cv_header_time=yes
ac_cv_header_ucontext_h=yes
ac_cv_header_unistd_h=yes
ac_cv_host=armv6l-unknown-linux-gnu
ac_cv_lib_asound_snd_pcm_open=yes
ac_cv_lib_expat_XML_ParserCreate=yes
ac_cv_lib_ncurses_endwin=yes
ac_cv_lib_pthread_pthread_create=yes
ac_cv_lib_slang_SLang_init_tty=no
ac_cv_lib_vga_vga_init=no
ac_cv_lib_z_adler32=yes
ac_cv_objext=o
ac_cv_path_EGREP='/usr/bin/grep -E'
ac_cv_path_GREP=/usr/bin/grep
ac_cv_path_ac_lib_freetype_config=/usr/bin/freetype-config
ac_cv_path_ac_lib_sdl_config=/usr/bin/sdl-config
ac_cv_path_install='/usr/bin/install -c'
ac_cv_prog_CP=cp
ac_cv_prog_CPP='gcc -E'
ac_cv_prog_ECHO=echo
ac_cv_prog_GZIP=gzip
ac_cv_prog_MKDIR=mkdir
ac_cv_prog_RM=rm
ac_cv_prog_TAR=tar
ac_cv_prog_ac_ct_AR=ar
ac_cv_prog_ac_ct_CC=gcc
ac_cv_prog_ac_ct_CXX=g++
ac_cv_prog_cc_c89=
ac_cv_prog_cc_g=yes
ac_cv_prog_cxx_g=yes
ac_cv_search_opendir='none required'
ac_cv_sizeof_char=1
ac_cv_sizeof_int=4
ac_cv_sizeof_long=4
ac_cv_sizeof_long_long=8
ac_cv_sizeof_short=2
ac_cv_sizeof_voidp=4
ac_cv_sys_file_offset_bits=64
ac_cv_sys_largefile_CC=no
ac_cv_sys_tiocgwinsz_in_sys_ioctl_h=yes
ac_cv_sys_tiocgwinsz_in_termios_h=no
ac_cv_type_char=yes
ac_cv_type_int=yes
ac_cv_type_long=yes
ac_cv_type_long_long=yes
ac_cv_type_short=yes
ac_cv_type_voidp=yes
ac_cv_working_alloca_h=yes

## ----------------- ##
## Output variables. ##
## ----------------- ##

ALLOCA=''
AR='ar'
ASM=''
ASMFLAGS='-f elf'
CC='gcc'
CC_FOR_BUILD='gcc'
CFLAGS=' -march=native -O2 -fomit-frame-pointer -fno-merge-constants -Wall -Wno-sign-compare -Wno-unused'
CFLAGS_FOR_BUILD='-O0 -DUSE_COMPILER_GNUC -DUSE_OBJ_ELF -DUSE_OS_UNIX'
CONF_BUILD='linux'
CONF_CFLAGS_ARCH=' -DUSE_LSB'
CONF_CFLAGS_OPT=' -march=native -O2 -fomit-frame-pointer -fno-merge-constants -Wall -Wno-sign-compare -Wno-unused'
CONF_DEBUG='no'
CONF_DEBUGGER='no'
CONF_EMU='mame'
CONF_HOST='linux'
CONF_LDFLAGS='-s'
CONF_LIB_ALSA='yes'
CONF_LIB_DIRECT='yes'
CONF_LIB_EXPAT='yes'
CONF_LIB_FB='yes'
CONF_LIB_FREETYPE='yes'
CONF_LIB_JEVENT='yes'
CONF_LIB_JRAW='yes'
CONF_LIB_KEVENT='yes'
CONF_LIB_KRAW='yes'
CONF_LIB_MCPN='no'
CONF_LIB_MEVENT='yes'
CONF_LIB_MRAW='yes'
CONF_LIB_MRAWINPUT='no'
CONF_LIB_NCURSES='yes'
CONF_LIB_OSS='yes'
CONF_LIB_PTHREAD='yes'
CONF_LIB_SDL='yes'
CONF_LIB_SLANG='no'
CONF_LIB_SVGALIB='no'
CONF_LIB_SVGAWIN='no'
CONF_LIB_ZLIB='yes'
CONF_SYSTEM='unix'
CP='cp'
CPP='gcc -E'
CPPFLAGS=''
CXX='g++'
CXXFLAGS='-g -O2'
CXX_FOR_BUILD='g++'
DEFS='-DHAVE_CONFIG_H'
ECHO='echo'
ECHO_C=''
ECHO_N='-n'
ECHO_T=''
EGREP='/usr/bin/grep -E'
EXE=''
EXEEXT=''
EXE_FOR_BUILD=''
FREETYPECFLAGS='-I/usr/include/freetype2'
FREETYPELIBS='-lfreetype -lz -lbz2'
GREP='/usr/bin/grep'
GZIP='gzip'
INSTALL_DATA='${INSTALL} -m 644'
INSTALL_PROGRAM='${INSTALL}'
INSTALL_SCRIPT='${INSTALL}'
LDFLAGS='-s'
LIBOBJS=''
LIBS=''
LN_S='ln -s'
LTLIBOBJS=''
MKDIR='mkdir'
OBJEXT='o'
PACKAGE_BUGREPORT=''
PACKAGE_NAME='advance'
PACKAGE_STRING='advance source'
PACKAGE_TARNAME='advance'
PACKAGE_VERSION='source'
PATH_SEPARATOR=':'
RC=''
RM='rm'
SDLCFLAGS='-I/usr/include/SDL -D_GNU_SOURCE=1 -D_REENTRANT'
SDLLIBS='-L/usr/lib -lSDL -lpthread'
SHELL='/bin/sh'
TAR='tar'
ZIP=''
ac_ct_AR='ar'
ac_ct_CC='gcc'
ac_ct_CXX='g++'
ac_ct_RC=''
ac_lib_freetype_config='/usr/bin/freetype-config'
ac_lib_sdl_config='/usr/bin/sdl-config'
bindir='${exec_prefix}/bin'
build='armv6l-unknown-linux-gnu'
build_alias=''
build_cpu='armv6l'
build_os='linux-gnu'
build_vendor='unknown'
datadir='${datarootdir}'
datarootdir='${prefix}/share'
docdir='${datarootdir}/doc/${PACKAGE_TARNAME}'
dvidir='${docdir}'
exec_prefix='${prefix}'
host='armv6l-unknown-linux-gnu'
host_alias=''
host_cpu='armv6l'
host_os='linux-gnu'
host_vendor='unknown'
htmldir='${docdir}'
includedir='${prefix}/include'
infodir='${datarootdir}/info'
libdir='${exec_prefix}/lib'
libexecdir='${exec_prefix}/libexec'
localedir='${datarootdir}/locale'
localstatedir='${prefix}/var'
mandir='${datarootdir}/man'
oldincludedir='/usr/include'
pdfdir='${docdir}'
prefix='/usr/local'
program_transform_name='s,x,x,'
psdir='${docdir}'
sbindir='${exec_prefix}/sbin'
sharedstatedir='${prefix}/com'
sysconfdir='${prefix}/etc'
target_alias=''

## ----------- ##
## confdefs.h. ##
## ----------- ##

#define PACKAGE_NAME "advance"
#define PACKAGE_TARNAME "advance"
#define PACKAGE_VERSION "source"
#define PACKAGE_STRING "advance source"
#define PACKAGE_BUGREPORT ""
#define STDC_HEADERS 1
#define HAVE_SYS_TYPES_H 1
#define HAVE_SYS_STAT_H 1
#define HAVE_STDLIB_H 1
#define HAVE_STRING_H 1
#define HAVE_MEMORY_H 1
#define HAVE_STRINGS_H 1
#define HAVE_INTTYPES_H 1
#define HAVE_STDINT_H 1
#define HAVE_UNISTD_H 1
#define SIZEOF_CHAR 1
#define SIZEOF_SHORT 2
#define SIZEOF_INT 4
#define SIZEOF_LONG 4
#define SIZEOF_LONG_LONG 8
#define SIZEOF_VOIDP 4
#define _FILE_OFFSET_BITS 64
#define STDC_HEADERS 1
#define HAVE_SYS_WAIT_H 1
#define HAVE_DIRENT_H 1
#define TIME_WITH_SYS_TIME 1
#define GWINSZ_IN_SYS_IOCTL 1
#define HAVE_UNISTD_H 1
#define HAVE_SCHED_H 1
#define HAVE_NETDB_H 1
#define HAVE_TERMIOS_H 1
#define HAVE_EXECINFO_H 1
#define HAVE_SYS_UTSNAME_H 1
#define HAVE_SYS_TYPES_H 1
#define HAVE_SYS_STAT_H 1
#define HAVE_SYS_SOCKET_H 1
#define HAVE_SYS_SELECT_H 1
#define HAVE_SYS_IOCTL_H 1
#define HAVE_SYS_TIME_H 1
#define HAVE_SYS_MMAN_H 1
#define HAVE_SYS_IO_H 1
#define HAVE_SYS_KD_H 1
#define HAVE_SYS_VT_H 1
#define HAVE_NETINET_IN_H 1
#define HAVE_UCONTEXT_H 1
#define restrict __restrict
#define HAVE_ALLOCA_H 1
#define HAVE_ALLOCA 1
#define HAVE_STDLIB_H 1
#define HAVE_UNISTD_H 1
#define HAVE_GETPAGESIZE 1
#define HAVE_MMAP 1
#define HAVE_SYS_SELECT_H 1
#define HAVE_SYS_SOCKET_H 1
#define SELECT_TYPE_ARG1 int
#define SELECT_TYPE_ARG234 (fd_set *)
#define SELECT_TYPE_ARG5 (struct timeval *)
#define HAVE_VPRINTF 1
#define HAVE_STRCASECMP 1
#define HAVE_STRERROR 1
#define HAVE_UNAME 1
#define HAVE_SYSCONF 1
#define HAVE_BACKTRACE 1
#define HAVE_BACKTRACE_SYMBOLS 1
#define HAVE_FLOCKFILE 1
#define HAVE_FUNLOCKFILE 1
#define HAVE_FREAD_UNLOCKED 1
#define HAVE_FWRITE_UNLOCKED 1
#define HAVE_FGETC_UNLOCKED 1
#define HAVE_FEOF_UNLOCKED 1
#define HAVE_IOPL 1
#define HAVE_MPROTECT 1
#define HAVE_INOUT 1

configure: exit 0
